2020-03-11 20:46:12,984 INFO [restartedMain] c.n.l.c.CommunityApplication [StartupInfoLogger.java:55] Starting CommunityApplication on DESKTOP-OMJ3GFS with PID 1752 (D:\workspace\community\target\classes started by 55067 in D:\workspace\community)
2020-03-11 20:46:12,986 INFO [restartedMain] c.n.l.c.CommunityApplication [SpringApplication.java:651] No active profile set, falling back to default profiles: default
2020-03-11 20:46:13,416 INFO [restartedMain] o.s.b.w.e.t.TomcatWebServer [TomcatWebServer.java:92] Tomcat initialized with port(s): 8080 (http)
2020-03-11 20:46:13,416 INFO [restartedMain] o.a.c.c.StandardService [DirectJDKLog.java:173] Starting service [Tomcat]
2020-03-11 20:46:13,416 INFO [restartedMain] o.a.c.c.StandardEngine [DirectJDKLog.java:173] Starting Servlet engine: [Apache Tomcat/9.0.31]
2020-03-11 20:46:13,447 INFO [restartedMain] o.a.c.c.C.[.[.[/] [DirectJDKLog.java:173] Initializing Spring embedded WebApplicationContext
2020-03-11 20:46:13,447 INFO [restartedMain] o.s.w.c.ContextLoader [ServletWebServerApplicationContext.java:284] Root WebApplicationContext: initialization completed in 461 ms
2020-03-11 20:46:13,570 INFO [restartedMain] o.s.s.c.ThreadPoolTaskExecutor [ExecutorConfigurationSupport.java:181] Initializing ExecutorService 'applicationTaskExecutor'
2020-03-11 20:46:13,586 INFO [restartedMain] o.s.b.a.w.s.WelcomePageHandlerMapping [WelcomePageHandlerMapping.java:58] Adding welcome page template: index
2020-03-11 20:46:13,650 INFO [restartedMain] o.s.b.d.a.OptionalLiveReloadServer [OptionalLiveReloadServer.java:58] LiveReload server is running on port 35729
2020-03-11 20:46:13,682 INFO [restartedMain] o.s.b.w.e.t.TomcatWebServer [TomcatWebServer.java:204] Tomcat started on port(s): 8080 (http) with context path ''
2020-03-11 20:46:13,682 INFO [restartedMain] c.n.l.c.CommunityApplication [StartupInfoLogger.java:61] Started CommunityApplication in 0.837 seconds (JVM running for 1054.981)
2020-03-11 20:46:13,682 INFO [restartedMain] o.s.b.d.a.ConditionEvaluationDeltaLoggingListener [ConditionEvaluationDeltaLoggingListener.java:63] Condition evaluation unchanged
2020-03-11 20:46:14,270 INFO [main] c.n.l.c.LoggerTests [StartupInfoLogger.java:55] Starting LoggerTests on DESKTOP-OMJ3GFS with PID 17048 (started by 55067 in D:\workspace\community)
2020-03-11 20:46:14,278 INFO [main] c.n.l.c.LoggerTests [SpringApplication.java:651] No active profile set, falling back to default profiles: default
2020-03-11 20:46:16,412 INFO [main] o.s.s.c.ThreadPoolTaskExecutor [ExecutorConfigurationSupport.java:181] Initializing ExecutorService 'applicationTaskExecutor'
2020-03-11 20:46:16,527 INFO [main] o.s.b.a.w.s.WelcomePageHandlerMapping [WelcomePageHandlerMapping.java:58] Adding welcome page template: index
2020-03-11 20:46:16,859 INFO [main] c.n.l.c.LoggerTests [StartupInfoLogger.java:61] Started LoggerTests in 3.185 seconds (JVM running for 4.647)
2020-03-11 20:46:17,105 INFO [main] c.n.l.c.LoggerTests [LoggerTests.java:25] info log
2020-03-11 20:46:17,118 INFO [SpringContextShutdownHook] o.s.s.c.ThreadPoolTaskExecutor [ExecutorConfigurationSupport.java:218] Shutting down ExecutorService 'applicationTaskExecutor'
