2020-03-13 10:21:23,267 INFO [main] c.n.l.c.MailTests [StartupInfoLogger.java:55] Starting MailTests on DESKTOP-OMJ3GFS with PID 8212 (started by 55067 in D:\workspace\community)
2020-03-13 10:21:23,275 INFO [main] c.n.l.c.MailTests [SpringApplication.java:651] No active profile set, falling back to default profiles: default
2020-03-13 10:21:25,631 INFO [main] o.s.s.c.ThreadPoolTaskExecutor [ExecutorConfigurationSupport.java:181] Initializing ExecutorService 'applicationTaskExecutor'
2020-03-13 10:21:25,750 INFO [main] o.s.b.a.w.s.WelcomePageHandlerMapping [WelcomePageHandlerMapping.java:58] Adding welcome page template: index
2020-03-13 10:21:26,095 INFO [main] c.n.l.c.MailTests [StartupInfoLogger.java:61] Started MailTests in 3.424 seconds (JVM running for 4.911)
2020-03-13 10:21:27,944 INFO [SpringContextShutdownHook] o.s.s.c.ThreadPoolTaskExecutor [ExecutorConfigurationSupport.java:218] Shutting down ExecutorService 'applicationTaskExecutor'
2020-03-13 10:25:17,674 INFO [main] c.n.l.c.MailTests [StartupInfoLogger.java:55] Starting MailTests on DESKTOP-OMJ3GFS with PID 4896 (started by 55067 in D:\workspace\community)
2020-03-13 10:25:17,677 INFO [main] c.n.l.c.MailTests [SpringApplication.java:651] No active profile set, falling back to default profiles: default
2020-03-13 10:25:19,892 INFO [main] o.s.s.c.ThreadPoolTaskExecutor [ExecutorConfigurationSupport.java:181] Initializing ExecutorService 'applicationTaskExecutor'
2020-03-13 10:25:20,017 INFO [main] o.s.b.a.w.s.WelcomePageHandlerMapping [WelcomePageHandlerMapping.java:58] Adding welcome page template: index
2020-03-13 10:25:20,360 INFO [main] c.n.l.c.MailTests [StartupInfoLogger.java:61] Started MailTests in 3.244 seconds (JVM running for 4.485)
2020-03-13 10:25:22,645 INFO [SpringContextShutdownHook] o.s.s.c.ThreadPoolTaskExecutor [ExecutorConfigurationSupport.java:218] Shutting down ExecutorService 'applicationTaskExecutor'
2020-03-13 10:31:09,426 INFO [main] c.n.l.c.MailTests [StartupInfoLogger.java:55] Starting MailTests on DESKTOP-OMJ3GFS with PID 4320 (started by 55067 in D:\workspace\community)
2020-03-13 10:31:09,426 INFO [main] c.n.l.c.MailTests [SpringApplication.java:651] No active profile set, falling back to default profiles: default
2020-03-13 10:31:11,597 INFO [main] o.s.s.c.ThreadPoolTaskExecutor [ExecutorConfigurationSupport.java:181] Initializing ExecutorService 'applicationTaskExecutor'
2020-03-13 10:31:11,709 INFO [main] o.s.b.a.w.s.WelcomePageHandlerMapping [WelcomePageHandlerMapping.java:58] Adding welcome page template: index
2020-03-13 10:31:12,022 INFO [main] c.n.l.c.MailTests [StartupInfoLogger.java:61] Started MailTests in 3.12 seconds (JVM running for 4.354)
2020-03-13 10:31:14,577 INFO [SpringContextShutdownHook] o.s.s.c.ThreadPoolTaskExecutor [ExecutorConfigurationSupport.java:218] Shutting down ExecutorService 'applicationTaskExecutor'
2020-03-13 10:33:45,282 INFO [main] c.n.l.c.MailTests [StartupInfoLogger.java:55] Starting MailTests on DESKTOP-OMJ3GFS with PID 20280 (started by 55067 in D:\workspace\community)
2020-03-13 10:33:45,285 INFO [main] c.n.l.c.MailTests [SpringApplication.java:651] No active profile set, falling back to default profiles: default
2020-03-13 10:33:47,574 INFO [main] o.s.s.c.ThreadPoolTaskExecutor [ExecutorConfigurationSupport.java:181] Initializing ExecutorService 'applicationTaskExecutor'
2020-03-13 10:33:47,708 INFO [main] o.s.b.a.w.s.WelcomePageHandlerMapping [WelcomePageHandlerMapping.java:58] Adding welcome page template: index
2020-03-13 10:33:48,085 INFO [main] c.n.l.c.MailTests [StartupInfoLogger.java:61] Started MailTests in 3.37 seconds (JVM running for 4.617)
2020-03-13 10:33:50,087 INFO [SpringContextShutdownHook] o.s.s.c.ThreadPoolTaskExecutor [ExecutorConfigurationSupport.java:218] Shutting down ExecutorService 'applicationTaskExecutor'
2020-03-13 10:44:31,764 INFO [main] c.n.l.c.MailTests [StartupInfoLogger.java:55] Starting MailTests on DESKTOP-OMJ3GFS with PID 3508 (started by 55067 in D:\workspace\community)
2020-03-13 10:44:31,767 INFO [main] c.n.l.c.MailTests [SpringApplication.java:651] No active profile set, falling back to default profiles: default
2020-03-13 10:44:34,080 INFO [main] o.s.s.c.ThreadPoolTaskExecutor [ExecutorConfigurationSupport.java:181] Initializing ExecutorService 'applicationTaskExecutor'
2020-03-13 10:44:34,217 INFO [main] o.s.b.a.w.s.WelcomePageHandlerMapping [WelcomePageHandlerMapping.java:58] Adding welcome page template: index
2020-03-13 10:44:34,588 INFO [main] c.n.l.c.MailTests [StartupInfoLogger.java:61] Started MailTests in 3.444 seconds (JVM running for 4.937)
2020-03-13 10:44:36,750 INFO [SpringContextShutdownHook] o.s.s.c.ThreadPoolTaskExecutor [ExecutorConfigurationSupport.java:218] Shutting down ExecutorService 'applicationTaskExecutor'
2020-03-13 10:45:14,902 INFO [main] c.n.l.c.MailTests [StartupInfoLogger.java:55] Starting MailTests on DESKTOP-OMJ3GFS with PID 18712 (started by 55067 in D:\workspace\community)
2020-03-13 10:45:14,905 INFO [main] c.n.l.c.MailTests [SpringApplication.java:651] No active profile set, falling back to default profiles: default
2020-03-13 10:45:17,131 INFO [main] o.s.s.c.ThreadPoolTaskExecutor [ExecutorConfigurationSupport.java:181] Initializing ExecutorService 'applicationTaskExecutor'
2020-03-13 10:45:17,241 INFO [main] o.s.b.a.w.s.WelcomePageHandlerMapping [WelcomePageHandlerMapping.java:58] Adding welcome page template: index
2020-03-13 10:45:17,553 INFO [main] c.n.l.c.MailTests [StartupInfoLogger.java:61] Started MailTests in 3.207 seconds (JVM running for 4.545)
2020-03-13 10:45:19,852 INFO [SpringContextShutdownHook] o.s.s.c.ThreadPoolTaskExecutor [ExecutorConfigurationSupport.java:218] Shutting down ExecutorService 'applicationTaskExecutor'
2020-03-13 10:48:53,213 INFO [main] c.n.l.c.MailTests [StartupInfoLogger.java:55] Starting MailTests on DESKTOP-OMJ3GFS with PID 9552 (started by 55067 in D:\workspace\community)
2020-03-13 10:48:53,215 INFO [main] c.n.l.c.MailTests [SpringApplication.java:651] No active profile set, falling back to default profiles: default
2020-03-13 10:48:55,460 INFO [main] o.s.s.c.ThreadPoolTaskExecutor [ExecutorConfigurationSupport.java:181] Initializing ExecutorService 'applicationTaskExecutor'
2020-03-13 10:48:55,584 INFO [main] o.s.b.a.w.s.WelcomePageHandlerMapping [WelcomePageHandlerMapping.java:58] Adding welcome page template: index
2020-03-13 10:48:55,954 INFO [main] c.n.l.c.MailTests [StartupInfoLogger.java:61] Started MailTests in 3.33 seconds (JVM running for 4.603)
2020-03-13 10:48:57,983 INFO [SpringContextShutdownHook] o.s.s.c.ThreadPoolTaskExecutor [ExecutorConfigurationSupport.java:218] Shutting down ExecutorService 'applicationTaskExecutor'
2020-03-13 10:51:11,056 INFO [main] c.n.l.c.MailTests [StartupInfoLogger.java:55] Starting MailTests on DESKTOP-OMJ3GFS with PID 16764 (started by 55067 in D:\workspace\community)
2020-03-13 10:51:11,058 INFO [main] c.n.l.c.MailTests [SpringApplication.java:651] No active profile set, falling back to default profiles: default
2020-03-13 10:51:13,425 INFO [main] o.s.s.c.ThreadPoolTaskExecutor [ExecutorConfigurationSupport.java:181] Initializing ExecutorService 'applicationTaskExecutor'
2020-03-13 10:51:13,553 INFO [main] o.s.b.a.w.s.WelcomePageHandlerMapping [WelcomePageHandlerMapping.java:58] Adding welcome page template: index
2020-03-13 10:51:13,914 INFO [main] c.n.l.c.MailTests [StartupInfoLogger.java:61] Started MailTests in 3.402 seconds (JVM running for 4.64)
2020-03-13 10:51:16,140 INFO [SpringContextShutdownHook] o.s.s.c.ThreadPoolTaskExecutor [ExecutorConfigurationSupport.java:218] Shutting down ExecutorService 'applicationTaskExecutor'
2020-03-13 10:53:31,200 INFO [main] c.n.l.c.MailTests [StartupInfoLogger.java:55] Starting MailTests on DESKTOP-OMJ3GFS with PID 8352 (started by 55067 in D:\workspace\community)
2020-03-13 10:53:31,208 INFO [main] c.n.l.c.MailTests [SpringApplication.java:651] No active profile set, falling back to default profiles: default
2020-03-13 10:53:33,413 INFO [main] o.s.s.c.ThreadPoolTaskExecutor [ExecutorConfigurationSupport.java:181] Initializing ExecutorService 'applicationTaskExecutor'
2020-03-13 10:53:33,542 INFO [main] o.s.b.a.w.s.WelcomePageHandlerMapping [WelcomePageHandlerMapping.java:58] Adding welcome page template: index
2020-03-13 10:53:33,861 INFO [main] c.n.l.c.MailTests [StartupInfoLogger.java:61] Started MailTests in 3.218 seconds (JVM running for 4.421)
2020-03-13 10:53:35,902 INFO [SpringContextShutdownHook] o.s.s.c.ThreadPoolTaskExecutor [ExecutorConfigurationSupport.java:218] Shutting down ExecutorService 'applicationTaskExecutor'
2020-03-13 10:53:51,879 INFO [main] c.n.l.c.MailTests [StartupInfoLogger.java:55] Starting MailTests on DESKTOP-OMJ3GFS with PID 15396 (started by 55067 in D:\workspace\community)
2020-03-13 10:53:51,879 INFO [main] c.n.l.c.MailTests [SpringApplication.java:651] No active profile set, falling back to default profiles: default
2020-03-13 10:53:54,035 INFO [main] o.s.s.c.ThreadPoolTaskExecutor [ExecutorConfigurationSupport.java:181] Initializing ExecutorService 'applicationTaskExecutor'
2020-03-13 10:53:54,137 INFO [main] o.s.b.a.w.s.WelcomePageHandlerMapping [WelcomePageHandlerMapping.java:58] Adding welcome page template: index
2020-03-13 10:53:54,444 INFO [main] c.n.l.c.MailTests [StartupInfoLogger.java:61] Started MailTests in 3.111 seconds (JVM running for 4.293)
2020-03-13 10:53:56,678 INFO [SpringContextShutdownHook] o.s.s.c.ThreadPoolTaskExecutor [ExecutorConfigurationSupport.java:218] Shutting down ExecutorService 'applicationTaskExecutor'
2020-03-13 10:54:35,896 INFO [main] c.n.l.c.MailTests [StartupInfoLogger.java:55] Starting MailTests on DESKTOP-OMJ3GFS with PID 5652 (started by 55067 in D:\workspace\community)
2020-03-13 10:54:35,896 INFO [main] c.n.l.c.MailTests [SpringApplication.java:651] No active profile set, falling back to default profiles: default
2020-03-13 10:54:38,040 INFO [main] o.s.s.c.ThreadPoolTaskExecutor [ExecutorConfigurationSupport.java:181] Initializing ExecutorService 'applicationTaskExecutor'
2020-03-13 10:54:38,169 INFO [main] o.s.b.a.w.s.WelcomePageHandlerMapping [WelcomePageHandlerMapping.java:58] Adding welcome page template: index
2020-03-13 10:54:38,490 INFO [main] c.n.l.c.MailTests [StartupInfoLogger.java:61] Started MailTests in 3.14 seconds (JVM running for 4.356)
2020-03-13 10:54:40,948 INFO [SpringContextShutdownHook] o.s.s.c.ThreadPoolTaskExecutor [ExecutorConfigurationSupport.java:218] Shutting down ExecutorService 'applicationTaskExecutor'
2020-03-13 11:24:21,815 INFO [main] c.n.l.c.MailTests [StartupInfoLogger.java:55] Starting MailTests on DESKTOP-OMJ3GFS with PID 15984 (started by 55067 in D:\workspace\community)
2020-03-13 11:24:21,819 INFO [main] c.n.l.c.MailTests [SpringApplication.java:651] No active profile set, falling back to default profiles: default
2020-03-13 11:24:24,010 INFO [main] o.s.s.c.ThreadPoolTaskExecutor [ExecutorConfigurationSupport.java:181] Initializing ExecutorService 'applicationTaskExecutor'
2020-03-13 11:24:24,137 INFO [main] o.s.b.a.w.s.WelcomePageHandlerMapping [WelcomePageHandlerMapping.java:58] Adding welcome page template: index
2020-03-13 11:24:24,456 INFO [main] c.n.l.c.MailTests [StartupInfoLogger.java:61] Started MailTests in 3.219 seconds (JVM running for 4.482)
2020-03-13 11:24:27,376 INFO [SpringContextShutdownHook] o.s.s.c.ThreadPoolTaskExecutor [ExecutorConfigurationSupport.java:218] Shutting down ExecutorService 'applicationTaskExecutor'
2020-03-13 12:09:14,889 INFO [main] c.n.l.c.MailTests [StartupInfoLogger.java:55] Starting MailTests on DESKTOP-OMJ3GFS with PID 20000 (started by 55067 in D:\workspace\community)
2020-03-13 12:09:14,892 INFO [main] c.n.l.c.MailTests [SpringApplication.java:651] No active profile set, falling back to default profiles: default
2020-03-13 12:09:17,234 INFO [main] o.s.s.c.ThreadPoolTaskExecutor [ExecutorConfigurationSupport.java:181] Initializing ExecutorService 'applicationTaskExecutor'
2020-03-13 12:09:17,744 INFO [main] c.n.l.c.MailTests [StartupInfoLogger.java:61] Started MailTests in 3.474 seconds (JVM running for 4.727)
2020-03-13 12:09:18,163 INFO [SpringContextShutdownHook] o.s.s.c.ThreadPoolTaskExecutor [ExecutorConfigurationSupport.java:218] Shutting down ExecutorService 'applicationTaskExecutor'
2020-03-13 12:09:33,885 INFO [restartedMain] c.n.l.c.CommunityApplication [StartupInfoLogger.java:55] Starting CommunityApplication on DESKTOP-OMJ3GFS with PID 4036 (D:\workspace\community\target\classes started by 55067 in D:\workspace\community)
2020-03-13 12:09:33,888 INFO [restartedMain] c.n.l.c.CommunityApplication [SpringApplication.java:651] No active profile set, falling back to default profiles: default
2020-03-13 12:09:33,987 INFO [restartedMain] o.s.b.d.e.DevToolsPropertyDefaultsPostProcessor [DeferredLog.java:225] Devtools property defaults active! Set 'spring.devtools.add-properties' to 'false' to disable
2020-03-13 12:09:33,987 INFO [restartedMain] o.s.b.d.e.DevToolsPropertyDefaultsPostProcessor [DeferredLog.java:225] For additional web related logging consider setting the 'logging.level.web' property to 'DEBUG'
2020-03-13 12:09:35,073 INFO [restartedMain] o.s.b.w.e.t.TomcatWebServer [TomcatWebServer.java:92] Tomcat initialized with port(s): 8080 (http)
2020-03-13 12:09:35,082 INFO [restartedMain] o.a.c.h.Http11NioProtocol [DirectJDKLog.java:173] Initializing ProtocolHandler ["http-nio-8080"]
2020-03-13 12:09:35,083 INFO [restartedMain] o.a.c.c.StandardService [DirectJDKLog.java:173] Starting service [Tomcat]
2020-03-13 12:09:35,084 INFO [restartedMain] o.a.c.c.StandardEngine [DirectJDKLog.java:173] Starting Servlet engine: [Apache Tomcat/9.0.31]
2020-03-13 12:09:35,189 INFO [restartedMain] o.a.c.c.C.[.[.[/] [DirectJDKLog.java:173] Initializing Spring embedded WebApplicationContext
2020-03-13 12:09:35,189 INFO [restartedMain] o.s.w.c.ContextLoader [ServletWebServerApplicationContext.java:284] Root WebApplicationContext: initialization completed in 1201 ms
2020-03-13 12:09:35,646 INFO [restartedMain] o.s.s.c.ThreadPoolTaskExecutor [ExecutorConfigurationSupport.java:181] Initializing ExecutorService 'applicationTaskExecutor'
2020-03-13 12:09:35,833 INFO [restartedMain] o.s.b.d.a.OptionalLiveReloadServer [OptionalLiveReloadServer.java:58] LiveReload server is running on port 35729
2020-03-13 12:09:35,859 INFO [restartedMain] o.a.c.h.Http11NioProtocol [DirectJDKLog.java:173] Starting ProtocolHandler ["http-nio-8080"]
2020-03-13 12:09:35,882 INFO [restartedMain] o.s.b.w.e.t.TomcatWebServer [TomcatWebServer.java:204] Tomcat started on port(s): 8080 (http) with context path ''
2020-03-13 12:09:35,885 INFO [restartedMain] c.n.l.c.CommunityApplication [StartupInfoLogger.java:61] Started CommunityApplication in 2.587 seconds (JVM running for 3.772)
2020-03-13 12:09:49,604 INFO [http-nio-8080-exec-1] o.a.c.c.C.[.[.[/] [DirectJDKLog.java:173] Initializing Spring DispatcherServlet 'dispatcherServlet'
2020-03-13 12:09:49,604 INFO [http-nio-8080-exec-1] o.s.w.s.DispatcherServlet [FrameworkServlet.java:525] Initializing Servlet 'dispatcherServlet'
2020-03-13 12:09:49,610 INFO [http-nio-8080-exec-1] o.s.w.s.DispatcherServlet [FrameworkServlet.java:547] Completed initialization in 6 ms
2020-03-13 12:09:49,676 INFO [http-nio-8080-exec-1] c.z.h.HikariDataSource [HikariDataSource.java:110] HikariPool-1 - Starting...
2020-03-13 12:11:19,994 INFO [restartedMain] c.n.l.c.CommunityApplication [StartupInfoLogger.java:55] Starting CommunityApplication on DESKTOP-OMJ3GFS with PID 16588 (D:\workspace\community\target\classes started by 55067 in D:\workspace\community)
2020-03-13 12:11:19,998 INFO [restartedMain] c.n.l.c.CommunityApplication [SpringApplication.java:651] No active profile set, falling back to default profiles: default
2020-03-13 12:11:20,128 INFO [restartedMain] o.s.b.d.e.DevToolsPropertyDefaultsPostProcessor [DeferredLog.java:225] Devtools property defaults active! Set 'spring.devtools.add-properties' to 'false' to disable
2020-03-13 12:11:20,129 INFO [restartedMain] o.s.b.d.e.DevToolsPropertyDefaultsPostProcessor [DeferredLog.java:225] For additional web related logging consider setting the 'logging.level.web' property to 'DEBUG'
2020-03-13 12:11:21,249 INFO [restartedMain] o.s.b.w.e.t.TomcatWebServer [TomcatWebServer.java:92] Tomcat initialized with port(s): 8080 (http)
2020-03-13 12:11:21,258 INFO [restartedMain] o.a.c.h.Http11NioProtocol [DirectJDKLog.java:173] Initializing ProtocolHandler ["http-nio-8080"]
2020-03-13 12:11:21,259 INFO [restartedMain] o.a.c.c.StandardService [DirectJDKLog.java:173] Starting service [Tomcat]
2020-03-13 12:11:21,259 INFO [restartedMain] o.a.c.c.StandardEngine [DirectJDKLog.java:173] Starting Servlet engine: [Apache Tomcat/9.0.31]
2020-03-13 12:11:21,360 INFO [restartedMain] o.a.c.c.C.[.[.[/] [DirectJDKLog.java:173] Initializing Spring embedded WebApplicationContext
2020-03-13 12:11:21,360 INFO [restartedMain] o.s.w.c.ContextLoader [ServletWebServerApplicationContext.java:284] Root WebApplicationContext: initialization completed in 1230 ms
2020-03-13 12:11:21,861 INFO [restartedMain] o.s.s.c.ThreadPoolTaskExecutor [ExecutorConfigurationSupport.java:181] Initializing ExecutorService 'applicationTaskExecutor'
2020-03-13 12:11:21,918 INFO [restartedMain] o.s.b.a.w.s.WelcomePageHandlerMapping [WelcomePageHandlerMapping.java:58] Adding welcome page template: index
2020-03-13 12:11:22,049 INFO [restartedMain] o.s.b.d.a.OptionalLiveReloadServer [OptionalLiveReloadServer.java:58] LiveReload server is running on port 35729
2020-03-13 12:11:22,076 INFO [restartedMain] o.a.c.h.Http11NioProtocol [DirectJDKLog.java:173] Starting ProtocolHandler ["http-nio-8080"]
2020-03-13 12:11:22,099 INFO [restartedMain] o.s.b.w.e.t.TomcatWebServer [TomcatWebServer.java:204] Tomcat started on port(s): 8080 (http) with context path ''
2020-03-13 12:11:22,104 INFO [restartedMain] c.n.l.c.CommunityApplication [StartupInfoLogger.java:61] Started CommunityApplication in 2.655 seconds (JVM running for 3.884)
2020-03-13 12:11:53,137 INFO [http-nio-8080-exec-1] o.a.c.c.C.[.[.[/] [DirectJDKLog.java:173] Initializing Spring DispatcherServlet 'dispatcherServlet'
2020-03-13 12:11:53,138 INFO [http-nio-8080-exec-1] o.s.w.s.DispatcherServlet [FrameworkServlet.java:525] Initializing Servlet 'dispatcherServlet'
2020-03-13 12:11:53,146 INFO [http-nio-8080-exec-1] o.s.w.s.DispatcherServlet [FrameworkServlet.java:547] Completed initialization in 7 ms
2020-03-13 12:11:53,207 INFO [http-nio-8080-exec-1] c.z.h.HikariDataSource [HikariDataSource.java:110] HikariPool-1 - Starting...
2020-03-13 12:14:02,349 INFO [restartedMain] c.n.l.c.CommunityApplication [StartupInfoLogger.java:55] Starting CommunityApplication on DESKTOP-OMJ3GFS with PID 8112 (D:\workspace\community\target\classes started by 55067 in D:\workspace\community)
2020-03-13 12:14:02,353 INFO [restartedMain] c.n.l.c.CommunityApplication [SpringApplication.java:651] No active profile set, falling back to default profiles: default
2020-03-13 12:14:02,454 INFO [restartedMain] o.s.b.d.e.DevToolsPropertyDefaultsPostProcessor [DeferredLog.java:225] Devtools property defaults active! Set 'spring.devtools.add-properties' to 'false' to disable
2020-03-13 12:14:02,455 INFO [restartedMain] o.s.b.d.e.DevToolsPropertyDefaultsPostProcessor [DeferredLog.java:225] For additional web related logging consider setting the 'logging.level.web' property to 'DEBUG'
2020-03-13 12:14:04,453 INFO [restartedMain] o.s.b.w.e.t.TomcatWebServer [TomcatWebServer.java:92] Tomcat initialized with port(s): 8080 (http)
2020-03-13 12:14:04,466 INFO [restartedMain] o.a.c.h.Http11NioProtocol [DirectJDKLog.java:173] Initializing ProtocolHandler ["http-nio-8080"]
2020-03-13 12:14:04,467 INFO [restartedMain] o.a.c.c.StandardService [DirectJDKLog.java:173] Starting service [Tomcat]
2020-03-13 12:14:04,468 INFO [restartedMain] o.a.c.c.StandardEngine [DirectJDKLog.java:173] Starting Servlet engine: [Apache Tomcat/9.0.31]
2020-03-13 12:14:04,672 INFO [restartedMain] o.a.c.c.C.[.[.[/] [DirectJDKLog.java:173] Initializing Spring embedded WebApplicationContext
2020-03-13 12:14:04,674 INFO [restartedMain] o.s.w.c.ContextLoader [ServletWebServerApplicationContext.java:284] Root WebApplicationContext: initialization completed in 2219 ms
2020-03-13 12:14:05,292 INFO [restartedMain] o.s.s.c.ThreadPoolTaskExecutor [ExecutorConfigurationSupport.java:181] Initializing ExecutorService 'applicationTaskExecutor'
2020-03-13 12:14:05,361 INFO [restartedMain] o.s.b.a.w.s.WelcomePageHandlerMapping [WelcomePageHandlerMapping.java:58] Adding welcome page template: index
2020-03-13 12:14:05,515 INFO [restartedMain] o.s.b.d.a.OptionalLiveReloadServer [OptionalLiveReloadServer.java:58] LiveReload server is running on port 35729
2020-03-13 12:14:05,545 INFO [restartedMain] o.a.c.h.Http11NioProtocol [DirectJDKLog.java:173] Starting ProtocolHandler ["http-nio-8080"]
2020-03-13 12:14:05,569 INFO [restartedMain] o.s.b.w.e.t.TomcatWebServer [TomcatWebServer.java:204] Tomcat started on port(s): 8080 (http) with context path ''
2020-03-13 12:14:05,573 INFO [restartedMain] c.n.l.c.CommunityApplication [StartupInfoLogger.java:61] Started CommunityApplication in 3.861 seconds (JVM running for 5.293)
2020-03-13 12:14:12,321 INFO [http-nio-8080-exec-1] o.a.c.c.C.[.[.[/] [DirectJDKLog.java:173] Initializing Spring DispatcherServlet 'dispatcherServlet'
2020-03-13 12:14:12,322 INFO [http-nio-8080-exec-1] o.s.w.s.DispatcherServlet [FrameworkServlet.java:525] Initializing Servlet 'dispatcherServlet'
2020-03-13 12:14:12,328 INFO [http-nio-8080-exec-1] o.s.w.s.DispatcherServlet [FrameworkServlet.java:547] Completed initialization in 6 ms
2020-03-13 12:14:12,388 INFO [http-nio-8080-exec-1] c.z.h.HikariDataSource [HikariDataSource.java:110] HikariPool-1 - Starting...
2020-03-13 12:14:12,911 INFO [http-nio-8080-exec-1] c.z.h.HikariDataSource [HikariDataSource.java:123] HikariPool-1 - Start completed.
2020-03-13 18:14:22,765 INFO [restartedMain] c.n.l.c.CommunityApplication [StartupInfoLogger.java:55] Starting CommunityApplication on DESKTOP-OMJ3GFS with PID 15952 (D:\workspace\community\target\classes started by 55067 in D:\workspace\community)
2020-03-13 18:14:22,765 INFO [restartedMain] c.n.l.c.CommunityApplication [SpringApplication.java:651] No active profile set, falling back to default profiles: default
2020-03-13 18:14:22,860 INFO [restartedMain] o.s.b.d.e.DevToolsPropertyDefaultsPostProcessor [DeferredLog.java:225] Devtools property defaults active! Set 'spring.devtools.add-properties' to 'false' to disable
2020-03-13 18:14:22,908 INFO [restartedMain] o.s.b.d.e.DevToolsPropertyDefaultsPostProcessor [DeferredLog.java:225] For additional web related logging consider setting the 'logging.level.web' property to 'DEBUG'
2020-03-13 18:14:24,118 INFO [restartedMain] o.s.b.w.e.t.TomcatWebServer [TomcatWebServer.java:92] Tomcat initialized with port(s): 8080 (http)
2020-03-13 18:14:24,126 INFO [restartedMain] o.a.c.h.Http11NioProtocol [DirectJDKLog.java:173] Initializing ProtocolHandler ["http-nio-8080"]
2020-03-13 18:14:24,126 INFO [restartedMain] o.a.c.c.StandardService [DirectJDKLog.java:173] Starting service [Tomcat]
2020-03-13 18:14:24,126 INFO [restartedMain] o.a.c.c.StandardEngine [DirectJDKLog.java:173] Starting Servlet engine: [Apache Tomcat/9.0.31]
2020-03-13 18:14:24,236 INFO [restartedMain] o.a.c.c.C.[.[.[/] [DirectJDKLog.java:173] Initializing Spring embedded WebApplicationContext
2020-03-13 18:14:24,236 INFO [restartedMain] o.s.w.c.ContextLoader [ServletWebServerApplicationContext.java:284] Root WebApplicationContext: initialization completed in 1328 ms
2020-03-13 18:14:24,781 INFO [restartedMain] o.s.s.c.ThreadPoolTaskExecutor [ExecutorConfigurationSupport.java:181] Initializing ExecutorService 'applicationTaskExecutor'
2020-03-13 18:14:24,840 INFO [restartedMain] o.s.b.a.w.s.WelcomePageHandlerMapping [WelcomePageHandlerMapping.java:58] Adding welcome page template: index
2020-03-13 18:14:24,985 INFO [restartedMain] o.s.b.d.a.OptionalLiveReloadServer [OptionalLiveReloadServer.java:58] LiveReload server is running on port 35729
2020-03-13 18:14:25,009 INFO [restartedMain] o.a.c.h.Http11NioProtocol [DirectJDKLog.java:173] Starting ProtocolHandler ["http-nio-8080"]
2020-03-13 18:14:25,035 INFO [restartedMain] o.s.b.w.e.t.TomcatWebServer [TomcatWebServer.java:204] Tomcat started on port(s): 8080 (http) with context path ''
2020-03-13 18:14:25,035 INFO [restartedMain] c.n.l.c.CommunityApplication [StartupInfoLogger.java:61] Started CommunityApplication in 2.969 seconds (JVM running for 4.298)
2020-03-13 18:14:31,834 INFO [http-nio-8080-exec-1] o.a.c.c.C.[.[.[/] [DirectJDKLog.java:173] Initializing Spring DispatcherServlet 'dispatcherServlet'
2020-03-13 18:14:31,834 INFO [http-nio-8080-exec-1] o.s.w.s.DispatcherServlet [FrameworkServlet.java:525] Initializing Servlet 'dispatcherServlet'
2020-03-13 18:14:31,841 INFO [http-nio-8080-exec-1] o.s.w.s.DispatcherServlet [FrameworkServlet.java:547] Completed initialization in 7 ms
2020-03-13 18:14:31,905 INFO [http-nio-8080-exec-1] c.z.h.HikariDataSource [HikariDataSource.java:110] HikariPool-1 - Starting...
2020-03-13 18:14:32,413 INFO [http-nio-8080-exec-1] c.z.h.HikariDataSource [HikariDataSource.java:123] HikariPool-1 - Start completed.
